{
  "stats": {
    "suites": 1,
    "tests": 1,
    "passes": 1,
    "pending": 0,
    "failures": 0,
    "start": "2023-07-25T19:15:26.062Z",
    "end": "2023-07-25T19:15:59.067Z",
    "duration": 33005,
    "testsRegistered": 1,
    "passPercent": 100,
    "pendingPercent": 0,
    "other": 0,
    "hasOther": false,
    "skipped": 0,
    "hasSkipped": false
  },
  "results": [
    {
      "uuid": "b0230e1b-56c3-4bc2-a3a7-eca32edcd1bd",
      "title": "",
      "fullFile": "cypress\\e2e\\Voiceclip.cy.js",
      "file": "cypress\\e2e\\Voiceclip.cy.js",
      "beforeHooks": [],
      "afterHooks": [],
      "tests": [],
      "suites": [
        {
          "uuid": "ad314f8e-4d9d-4765-b618-719c7d1b9b55",
          "title": "Test VoiceClip in the patient channel",
          "fullFile": "",
          "file": "",
          "beforeHooks": [],
          "afterHooks": [],
          "tests": [
            {
              "title": "Sending Voice clip in the patient channel",
              "fullTitle": "Test VoiceClip in the patient channel Sending Voice clip in the patient channel",
              "timedOut": null,
              "duration": 28680,
              "state": "passed",
              "speed": "slow",
              "pass": true,
              "fail": false,
              "pending": false,
              "context": "{\n  \"title\": \"cypress-mochawesome-reporter-videos-passed\",\n  \"value\": \"cypress\\\\e2e\\\\Voiceclip.cy.js\"\n}",
              "code": "cy.visit('https://webapp.hucu.us/login');\n(0, _Login.Login)();\ncy.wait(5000);\ncy.get('div.patient-name').contains('John Dav').click();\n// cy.get('button.ui tiny icon primary button send-button').click();\ncy.get('.tiny > .ui').click();\ncy.log(\"Recording voice Clip\");\ncy.wait(5000);\ncy.get('.VoiceClipRecorder_buttonOK__1xIoQ > .ui').click();\ncy.get('.tiny > .ui').click().then(() => {\n  cy.get(\"i[class='play icon']\").last().click();\n});",
              "err": {},
              "uuid": "75e01a2e-7b3e-48b6-8e84-348a7429252b",
              "parentUUID": "ad314f8e-4d9d-4765-b618-719c7d1b9b55",
              "isHook": false,
              "skipped": false
            }
          ],
          "suites": [],
          "passes": [
            "75e01a2e-7b3e-48b6-8e84-348a7429252b"
          ],
          "failures": [],
          "pending": [],
          "skipped": [],
          "duration": 28680,
          "root": false,
          "rootEmpty": false,
          "_timeout": 2000
        }
      ],
      "passes": [],
      "failures": [],
      "pending": [],
      "skipped": [],
      "duration": 0,
      "root": true,
      "rootEmpty": true,
      "_timeout": 2000
    }
  ],
  "meta": {
    "mocha": {
      "version": "7.0.1"
    },
    "mochawesome": {
      "options": {
        "quiet": false,
        "reportFilename": "mochawesome",
        "saveHtml": false,
        "saveJson": true,
        "consoleReporter": "spec",
        "useInlineDiffs": false,
        "code": true
      },
      "version": "7.1.3"
    },
    "marge": {
      "options": {
        "charts": true,
        "reportPageTitle": "custom-title",
        "embeddedScreenshots": true,
        "inlineAssets": true,
        "saveAllAttempts": false,
        "overwrite": false,
        "html": false,
        "json": true,
        "reportDir": "cypress\\reports\\html\\.jsons"
      },
      "version": "6.2.0"
    }
  }
}