{
  "stats": {
    "suites": 1,
    "tests": 1,
    "passes": 0,
    "pending": 0,
    "failures": 1,
    "start": "2023-07-25T19:14:42.422Z",
    "end": "2023-07-25T19:15:15.448Z",
    "duration": 33026,
    "testsRegistered": 1,
    "passPercent": 0,
    "pendingPercent": 0,
    "other": 0,
    "hasOther": false,
    "skipped": 0,
    "hasSkipped": false
  },
  "results": [
    {
      "uuid": "40162cda-20d4-437d-979c-fe6c9f671c60",
      "title": "",
      "fullFile": "cypress\\e2e\\Delete message.cy.js",
      "file": "cypress\\e2e\\Delete message.cy.js",
      "beforeHooks": [],
      "afterHooks": [],
      "tests": [],
      "suites": [
        {
          "uuid": "186e2ed8-9432-47a1-89f8-06548dce082d",
          "title": "Delete a Message",
          "fullFile": "",
          "file": "",
          "beforeHooks": [],
          "afterHooks": [],
          "tests": [
            {
              "title": "click on alert",
              "fullTitle": "Delete a Message click on alert",
              "timedOut": null,
              "duration": 28434,
              "state": "failed",
              "speed": null,
              "pass": false,
              "fail": true,
              "pending": false,
              "context": "[\n  {\n    \"title\": \"cypress-mochawesome-reporter-videos-failed\",\n    \"value\": \"cypress\\\\e2e\\\\Delete message.cy.js\"\n  },\n  {\n    \"title\": \"cypress-mochawesome-reporter-screenshots\",\n    \"value\": [\n      [\n        \"\\\\Delete message.cy.js\\\\Delete a Message -- click on alert (failed).png\"\n      ]\n    ]\n  }\n]",
              "code": "cy.visit('https://webapp.hucu.us/login');\ncy.get('.fluid > input').type('emna.fatima');\ncy.get('.large').click();\ncy.get('form').submit();\ncy.get('.icon > input').click();\ncy.get('.icon > input').type('Zoha@123');\ncy.get('.large').click();\ncy.get('form').submit();\ncy.get('.pincode-input-text:nth-child(1)').type('1');\ncy.get('.pincode-input-text:nth-child(2)').type('1');\ncy.get('.pincode-input-text:nth-child(3)').type('1');\ncy.get('.pincode-input-text:nth-child(4)').type('1');\ncy.get('.pincode-input-text:nth-child(1)').type('1');\ncy.get('.pincode-input-text:nth-child(2)').type('1');\ncy.get('.pincode-input-text:nth-child(3)').type('1');\ncy.get('.pincode-input-text:nth-child(4)').type('1');\ncy.wait(10000);\n//Delete a Message\ncy.get(':nth-child(6) > :nth-child(1) > .content').click();\ncy.wait(5000);\n// cy.get(':nth-child(4) > .msg_attachment_style').rightclick()\n// cy.wait(2000)\n// cy.get('span[class=\"item-text delete-message\"]').click()\n//like a message\ncy.get(':nth-child(6) > .msg_attachment_style > .actions > .reactions-container > :nth-child(1) > .reaction-text').click();\n//cy.get('span[class=\"reaction-text\"]').click()\ncy.contains('Like');",
              "err": {
                "message": "AssertionError: Timed out retrying after 4000ms: Expected to find element: `:nth-child(6) > .msg_attachment_style > .actions > .reactions-container > :nth-child(1) > .reaction-text`, but never found it.",
                "estack": "AssertionError: Timed out retrying after 4000ms: Expected to find element: `:nth-child(6) > .msg_attachment_style > .actions > .reactions-container > :nth-child(1) > .reaction-text`, but never found it.\n    at Context.eval (webpack:///./cypress/e2e/Delete message.cy.js:30:11)",
                "diff": null
              },
              "uuid": "e741f998-34ca-49cc-8dd2-25c424879b4b",
              "parentUUID": "186e2ed8-9432-47a1-89f8-06548dce082d",
              "isHook": false,
              "skipped": false
            }
          ],
          "suites": [],
          "passes": [],
          "failures": [
            "e741f998-34ca-49cc-8dd2-25c424879b4b"
          ],
          "pending": [],
          "skipped": [],
          "duration": 28434,
          "root": false,
          "rootEmpty": false,
          "_timeout": 2000
        }
      ],
      "passes": [],
      "failures": [],
      "pending": [],
      "skipped": [],
      "duration": 0,
      "root": true,
      "rootEmpty": true,
      "_timeout": 2000
    }
  ],
  "meta": {
    "mocha": {
      "version": "7.0.1"
    },
    "mochawesome": {
      "options": {
        "quiet": false,
        "reportFilename": "mochawesome",
        "saveHtml": false,
        "saveJson": true,
        "consoleReporter": "spec",
        "useInlineDiffs": false,
        "code": true
      },
      "version": "7.1.3"
    },
    "marge": {
      "options": {
        "charts": true,
        "reportPageTitle": "custom-title",
        "embeddedScreenshots": true,
        "inlineAssets": true,
        "saveAllAttempts": false,
        "overwrite": false,
        "html": false,
        "json": true,
        "reportDir": "cypress\\reports\\html\\.jsons"
      },
      "version": "6.2.0"
    }
  }
}