{
  "stats": {
    "suites": 1,
    "tests": 3,
    "passes": 3,
    "pending": 0,
    "failures": 0,
    "start": "2023-07-25T19:11:58.402Z",
    "end": "2023-07-25T19:13:45.772Z",
    "duration": 107370,
    "testsRegistered": 3,
    "passPercent": 100,
    "pendingPercent": 0,
    "other": 0,
    "hasOther": false,
    "skipped": 0,
    "hasSkipped": false
  },
  "results": [
    {
      "uuid": "0969159c-6abb-446b-89cd-25317b6747c8",
      "title": "",
      "fullFile": "cypress\\e2e\\createpatient.cy.js",
      "file": "cypress\\e2e\\createpatient.cy.js",
      "beforeHooks": [],
      "afterHooks": [],
      "tests": [],
      "suites": [
        {
          "uuid": "6967e1a9-6853-4468-9f06-4be17a9d4382",
          "title": "Test Create Patient Flow",
          "fullFile": "",
          "file": "",
          "beforeHooks": [],
          "afterHooks": [],
          "tests": [
            {
              "title": "Create a new patient Channel",
              "fullTitle": "Test Create Patient Flow Create a new patient Channel",
              "timedOut": null,
              "duration": 31705,
              "state": "passed",
              "speed": "slow",
              "pass": true,
              "fail": false,
              "pending": false,
              "context": "{\n  \"title\": \"cypress-mochawesome-reporter-videos-passed\",\n  \"value\": \"cypress\\\\e2e\\\\createpatient.cy.js\"\n}",
              "code": "cy.wait(5000);\ncy.get(\".add-icon.image.ui\").eq(0).should(\"be.visible\"); // Wait for an element matching the selector to become visible\ncy.get('.add-icon.image.ui').eq(0).click({\n  force: true\n}).then(() => {\n  cy.get('.four > .ui').click();\n  cy.get('.required:nth-child(1) input').type(firstname);\n  cy.get('.required:nth-child(2) input').type(lastName);\n  cy.get('.required:nth-child(3) input').type(PatientDate);\n  cy.get('.selection').type(sex);\n  cy.get('.selected').click();\n  cy.intercept(\"POST\", \"https://api.hucu.us/api/v2/entities/*/locations/*/patients\").as(\"apiRequest\");\n  cy.get('.blue').click();\n  cy.wait(\"@apiRequest\").then(interception => {\n    const response = interception.response;\n    expect(response.statusCode).to.eq(201);\n  });\n});",
              "err": {},
              "uuid": "a15f6262-ee22-461f-9839-fad9a94b9c13",
              "parentUUID": "6967e1a9-6853-4468-9f06-4be17a9d4382",
              "isHook": false,
              "skipped": false
            },
            {
              "title": "Create a patient Channel and add Phone number check invite for the family channel",
              "fullTitle": "Test Create Patient Flow Create a patient Channel and add Phone number check invite for the family channel",
              "timedOut": null,
              "duration": 33457,
              "state": "passed",
              "speed": "slow",
              "pass": true,
              "fail": false,
              "pending": false,
              "context": "{\n  \"title\": \"cypress-mochawesome-reporter-videos-passed\",\n  \"value\": \"cypress\\\\e2e\\\\createpatient.cy.js\"\n}",
              "code": "cy.wait(2000);\ncy.get(\".add-icon.image.ui\").eq(0).should(\"be.visible\"); // Wait for an element matching the selector to become visible\ncy.get('.add-icon.image.ui').eq(0).click({\n  force: true\n}).then(() => {\n  cy.get('.four > .ui').click();\n  cy.get('.required:nth-child(1) input').type(firstname);\n  cy.get('.required:nth-child(2) input').type(lastName);\n  cy.get('.required:nth-child(3) input').type(PatientDate);\n  cy.get('.selection').type(sex);\n  cy.get('input[type=\"tel\"]').type(Phone);\n  //  cy.get('input[name=\"sendInvite\"]').click();\n  cy.contains('label', 'Invite Patient').click();\n  cy.intercept(\"POST\", \"https://api.hucu.us/api/v2/entities/*/locations/*/patients\").as(\"apiRequest\");\n  cy.get('.blue').click();\n  cy.wait(2000);\n  cy.wait(\"@apiRequest\").then(interception => {\n    const response = interception.response;\n    expect(response.statusCode).to.eq(201);\n    expect(response.body.data.mobile_phone).to.eq('+1' + Phone);\n    // cy.log('printing '+Phone);\n    // cy.log(response.body.data.mobile_phone);\n  });\n});",
              "err": {},
              "uuid": "95854d23-3d81-4990-a0e3-77adb3a07017",
              "parentUUID": "6967e1a9-6853-4468-9f06-4be17a9d4382",
              "isHook": false,
              "skipped": false
            },
            {
              "title": "Test Creating patient channel already exists",
              "fullTitle": "Test Create Patient Flow Test Creating patient channel already exists",
              "timedOut": null,
              "duration": 29541,
              "state": "passed",
              "speed": "slow",
              "pass": true,
              "fail": false,
              "pending": false,
              "context": "{\n  \"title\": \"cypress-mochawesome-reporter-videos-passed\",\n  \"value\": \"cypress\\\\e2e\\\\createpatient.cy.js\"\n}",
              "code": "cy.get('.add-icon.image.ui').eq(0).click({\n  force: true\n}).then(() => {\n  cy.get('.four > .ui').click();\n  cy.get('.required:nth-child(1) input').type('shah');\n  cy.get('.required:nth-child(2) input').type('khalid');\n  cy.get('.required:nth-child(3) input').type('10/10/2001');\n  cy.get('.selection').click();\n  cy.get('.selected').click();\n  cy.intercept(\"POST\", \"https://api.hucu.us/api/v2/entities/*/locations/*/patients\").as(\"apiRequest\");\n  cy.get('.blue').click();\n  cy.wait(\"@apiRequest\").then(interception => {\n    const response = interception.response;\n    expect(response.statusCode).to.eq(400);\n  });\n  // cy.get('form').submit();\n  cy.get('#create-patient-modal:nth-child(1)').should('have.text', 'Patient channel already existsThe patient channel you are trying to create already exists: shah khalid 10/10/2001BackJoin Channel');\n  cy.get('.blue').click();\n  cy.get('.basic').click();\n  // cy.get('.action-button-container > .ui').click();\n});",
              "err": {},
              "uuid": "da384bd3-d60a-4c42-93fc-f15d471b20b7",
              "parentUUID": "6967e1a9-6853-4468-9f06-4be17a9d4382",
              "isHook": false,
              "skipped": false
            }
          ],
          "suites": [],
          "passes": [
            "a15f6262-ee22-461f-9839-fad9a94b9c13",
            "95854d23-3d81-4990-a0e3-77adb3a07017",
            "da384bd3-d60a-4c42-93fc-f15d471b20b7"
          ],
          "failures": [],
          "pending": [],
          "skipped": [],
          "duration": 94703,
          "root": false,
          "rootEmpty": false,
          "_timeout": 2000
        }
      ],
      "passes": [],
      "failures": [],
      "pending": [],
      "skipped": [],
      "duration": 0,
      "root": true,
      "rootEmpty": true,
      "_timeout": 2000
    }
  ],
  "meta": {
    "mocha": {
      "version": "7.0.1"
    },
    "mochawesome": {
      "options": {
        "quiet": false,
        "reportFilename": "mochawesome",
        "saveHtml": false,
        "saveJson": true,
        "consoleReporter": "spec",
        "useInlineDiffs": false,
        "code": true
      },
      "version": "7.1.3"
    },
    "marge": {
      "options": {
        "charts": true,
        "reportPageTitle": "custom-title",
        "embeddedScreenshots": true,
        "inlineAssets": true,
        "saveAllAttempts": false,
        "overwrite": false,
        "html": false,
        "json": true,
        "reportDir": "cypress\\reports\\html\\.jsons"
      },
      "version": "6.2.0"
    }
  }
}