{
  "stats": {
    "suites": 1,
    "tests": 1,
    "passes": 1,
    "pending": 0,
    "failures": 0,
    "start": "2023-07-25T19:16:10.860Z",
    "end": "2023-07-25T19:16:33.697Z",
    "duration": 22837,
    "testsRegistered": 1,
    "passPercent": 100,
    "pendingPercent": 0,
    "other": 0,
    "hasOther": false,
    "skipped": 0,
    "hasSkipped": false
  },
  "results": [
    {
      "uuid": "da75ff67-33e6-441d-8e9a-18f100483fb6",
      "title": "",
      "fullFile": "cypress\\e2e\\Assessment\\Disable Forms in the chat.cy.js",
      "file": "cypress\\e2e\\Assessment\\Disable Forms in the chat.cy.js",
      "beforeHooks": [],
      "afterHooks": [],
      "tests": [],
      "suites": [
        {
          "uuid": "f824bf7b-22c0-411a-8268-96c8d5188c37",
          "title": "My First Test",
          "fullFile": "",
          "file": "",
          "beforeHooks": [],
          "afterHooks": [],
          "tests": [
            {
              "title": "click on alert",
              "fullTitle": "My First Test click on alert",
              "timedOut": null,
              "duration": 20060,
              "state": "passed",
              "speed": "slow",
              "pass": true,
              "fail": false,
              "pending": false,
              "context": "{\n  \"title\": \"cypress-mochawesome-reporter-videos-passed\",\n  \"value\": \"cypress\\\\e2e\\\\Assessment\\\\Disable Forms in the chat.cy.js\"\n}",
              "code": "// search for the Disabled forms patient channel \ncy.get('.search-input > .ui > input').click();\ncy.get('.search-input > .ui > input').type('Disabled Forms');\ncy.get('.patient-info').click();\ncy.wait(2000);\n// click on the last form PHQ9 already exist in the chat \ncy.get('.msg_attachment_style > .attached-forms > .attached-form').last().click();\ncy.wait(2000);\n// Confirm the Error message \ncy.get('.rrt-title').should('have.text', 'Error');\ncy.get('.rrt-text').should('have.text', 'You do not have access to this form. Please contact Admin.');",
              "err": {},
              "uuid": "52a300ce-6112-4e4d-857a-d5c7d0bc2166",
              "parentUUID": "f824bf7b-22c0-411a-8268-96c8d5188c37",
              "isHook": false,
              "skipped": false
            }
          ],
          "suites": [],
          "passes": [
            "52a300ce-6112-4e4d-857a-d5c7d0bc2166"
          ],
          "failures": [],
          "pending": [],
          "skipped": [],
          "duration": 20060,
          "root": false,
          "rootEmpty": false,
          "_timeout": 2000
        }
      ],
      "passes": [],
      "failures": [],
      "pending": [],
      "skipped": [],
      "duration": 0,
      "root": true,
      "rootEmpty": true,
      "_timeout": 2000
    }
  ],
  "meta": {
    "mocha": {
      "version": "7.0.1"
    },
    "mochawesome": {
      "options": {
        "quiet": false,
        "reportFilename": "mochawesome",
        "saveHtml": false,
        "saveJson": true,
        "consoleReporter": "spec",
        "useInlineDiffs": false,
        "code": true
      },
      "version": "7.1.3"
    },
    "marge": {
      "options": {
        "charts": true,
        "reportPageTitle": "custom-title",
        "embeddedScreenshots": true,
        "inlineAssets": true,
        "saveAllAttempts": false,
        "overwrite": false,
        "html": false,
        "json": true,
        "reportDir": "cypress\\reports\\html\\.jsons"
      },
      "version": "6.2.0"
    }
  }
}