{
  "stats": {
    "suites": 1,
    "tests": 1,
    "passes": 1,
    "pending": 0,
    "failures": 0,
    "start": "2022-03-19T06:44:07.044Z",
    "end": "2022-03-19T06:44:55.811Z",
    "duration": 48767,
    "testsRegistered": 1,
    "passPercent": 100,
    "pendingPercent": 0,
    "other": 0,
    "hasOther": false,
    "skipped": 0,
    "hasSkipped": false
  },
  "results": [
    {
      "uuid": "ba4c346f-3af7-4155-9557-6cde8fc6c059",
      "title": "",
      "fullFile": "cypress/integration/first_specs.js",
      "file": "cypress/integration/first_specs.js",
      "beforeHooks": [],
      "afterHooks": [],
      "tests": [],
      "suites": [
        {
          "uuid": "6a7f457a-5ffd-44a1-b4d8-3d02c375cbb3",
          "title": "My First Test",
          "fullFile": "",
          "file": "",
          "beforeHooks": [],
          "afterHooks": [],
          "tests": [
            {
              "title": "Login to OrangeHRM Demo",
              "fullTitle": "My First Test Login to OrangeHRM Demo",
              "timedOut": null,
              "duration": 44003,
              "state": "passed",
              "speed": "slow",
              "pass": true,
              "fail": false,
              "pending": false,
              "context": null,
              "code": "cy.visit('https://opensource-demo.orangehrmlive.com/index.php/dashboard');\ncy.get('#txtUsername').type('admin');\ncy.get('#txtPassword').type('admin123');\ncy.get('#btnLogin').click();",
              "err": {},
              "uuid": "b2e82861-7552-4f47-8564-e8d1c4282d68",
              "parentUUID": "6a7f457a-5ffd-44a1-b4d8-3d02c375cbb3",
              "isHook": false,
              "skipped": false
            }
          ],
          "suites": [],
          "passes": [
            "b2e82861-7552-4f47-8564-e8d1c4282d68"
          ],
          "failures": [],
          "pending": [],
          "skipped": [],
          "duration": 44003,
          "root": false,
          "rootEmpty": false,
          "_timeout": 2000
        }
      ],
      "passes": [],
      "failures": [],
      "pending": [],
      "skipped": [],
      "duration": 0,
      "root": true,
      "rootEmpty": true,
      "_timeout": 2000
    }
  ],
  "meta": {
    "mocha": {
      "version": "7.0.1"
    },
    "mochawesome": {
      "options": {
        "quiet": false,
        "reportFilename": "mochawesome",
        "saveHtml": true,
        "saveJson": true,
        "consoleReporter": "spec",
        "useInlineDiffs": false,
        "code": true
      },
      "version": "7.1.2"
    },
    "marge": {
      "options": null,
      "version": "6.1.1"
    }
  }
}